#
# There is insufficient memory for the Java Runtime Environment to continue.
# Native memory allocation (mmap) failed to map 65011712 bytes for G1 virtual space
# Possible reasons:
#   The system is out of physical RAM or swap space
#   The process is running with CompressedOops enabled, and the Java Heap may be blocking the growth of the native heap
# Possible solutions:
#   Reduce memory load on the system
#   Increase physical memory or swap space
#   Check if swap backing store is full
#   Decrease Java heap size (-Xmx/-Xms)
#   Decrease number of Java threads
#   Decrease Java thread stack sizes (-Xss)
#   Set larger code cache with -XX:ReservedCodeCacheSize=
#   JVM is running with Unscaled Compressed Oops mode in which the Java heap is
#     placed in the first 4GB address space. The Java Heap base address is the
#     maximum limit for the native heap growth. Please use -XX:HeapBaseMinAddress
#     to set the Java Heap base and to place the Java Heap above 4GB virtual address.
# This output file may be truncated or incomplete.
#
#  Out of Memory Error (os_windows.cpp:3769), pid=4736, tid=16356
#
# JRE version:  (17.0.6+10) (build )
# Java VM: OpenJDK 64-Bit Server VM (17.0.6+10-b829.9, mixed mode, sharing, tiered, compressed oops, compressed class ptrs, g1 gc, windows-amd64)
# No core dump will be written. Minidumps are not enabled by default on client versions of Windows
#

---------------  S U M M A R Y ------------

Command Line: git4idea.http.GitAskPassApp Username for 'https://github.com': 

Host: Intel(R) Celeron(R) N5100 @ 1.10GHz, 4 cores, 3G,  Windows 11 , 64 bit Build 22621 (10.0.22621.1778)
Time: Sat Jun 24 14:51:30 2023 Eastern Daylight Time elapsed time: 0.280223 seconds (0d 0h 0m 0s)

---------------  T H R E A D  ---------------

Current thread (0x00000236a46d95b0):  JavaThread "Unknown thread" [_thread_in_vm, id=16356, stack(0x000000eb69a00000,0x000000eb69b00000)]

Stack: [0x000000eb69a00000,0x000000eb69b00000]
Native frames: (J=compiled Java code, j=interpreted, Vv=VM code, C=native code)
V  [jvm.dll+0x683c5a]
V  [jvm.dll+0x842764]
V  [jvm.dll+0x843f5e]
V  [jvm.dll+0x8445c3]
V  [jvm.dll+0x249b75]
V  [jvm.dll+0x680b29]
V  [jvm.dll+0x67501a]
V  [jvm.dll+0x309acb]
V  [jvm.dll+0x310f86]
V  [jvm.dll+0x3608ee]
V  [jvm.dll+0x360b1f]
V  [jvm.dll+0x2dfbf8]
V  [jvm.dll+0x2e0b64]
V  [jvm.dll+0x814051]
V  [jvm.dll+0x36e6a1]
V  [jvm.dll+0x7f358c]
V  [jvm.dll+0x3f0e8f]
V  [jvm.dll+0x3f29d1]
C  [jli.dll+0x526b]
C  [ucrtbase.dll+0x29363]
C  [KERNEL32.DLL+0x126ad]
C  [ntdll.dll+0x5a9f8]


---------------  P R O C E S S  ---------------

Threads class SMR info:
_java_thread_list=0x00007ffc0c17c058, length=0, elements={
}

Java Threads: ( => current thread )

Other Threads:
  0x00000236a4713de0 GCTaskThread "GC Thread#0" [stack: 0x000000eb69b00000,0x000000eb69c00000] [id=21492]
  0x00000236a471cfe0 ConcurrentGCThread "G1 Main Marker" [stack: 0x000000eb69c00000,0x000000eb69d00000] [id=9460]
  0x00000236a471d9f0 ConcurrentGCThread "G1 Conc#0" [stack: 0x000000eb69d00000,0x000000eb69e00000] [id=19504]

[error occurred during error reporting (printing all threads), id 0xc0000005, EXCEPTION_ACCESS_VIOLATION (0xc0000005) at pc=0x00007ffc0b930797]

VM state: not at safepoint (not fully initialized)

VM Mutex/Monitor currently owned by a thread:  ([mutex/lock_event])
[0x00000236a46d2db0] Heap_lock - owner thread: 0x00000236a46d95b0

Heap address: 0x00000000c3200000, size: 974 MB, Compressed Oops mode: 32-bit

CDS archive(s) mapped at: [0x0000000000000000-0x0000000000000000-0x0000000000000000), size 0, SharedBaseAddress: 0x0000000800000000, ArchiveRelocationMode: 0.
Narrow klass base: 0x0000000000000000, Narrow klass shift: 0, Narrow klass range: 0x0

GC Precious Log:
<Empty>

Heap:
 garbage-first heap   total 0K, used 0K [0x00000000c3200000, 0x0000000100000000)
  region size 1024K, 0 young (0K), 0 survivors (0K)

[error occurred during error reporting (printing heap information), id 0xc0000005, EXCEPTION_ACCESS_VIOLATION (0xc0000005) at pc=0x00007ffc0bd1da49]

GC Heap History (0 events):
No events

Dll operation events (1 events):
Event: 0.209 Loaded shared library C:\Program Files\JetBrains\PyCharm Community Edition 2023.1.1\jbr\bin\java.dll

Deoptimization events (0 events):
No events

Classes unloaded (0 events):
No events

Classes redefined (0 events):
No events

Internal exceptions (0 events):
No events

VM Operations (0 events):
No events

Events (0 events):
No events


Dynamic libraries:
0x00007ff7f04f0000 - 0x00007ff7f04fa000 	C:\Program Files\JetBrains\PyCharm Community Edition 2023.1.1\jbr\bin\java.exe
0x00007ffc6b9d0000 - 0x00007ffc6bbe4000 	C:\Windows\SYSTEM32\ntdll.dll
0x00007ffc6a310000 - 0x00007ffc6a3d2000 	C:\Windows\System32\KERNEL32.DLL
0x00007ffc68dd0000 - 0x00007ffc69173000 	C:\Windows\System32\KERNELBASE.dll
0x00007ffc69180000 - 0x00007ffc69291000 	C:\Windows\System32\ucrtbase.dll
0x00007ffc65610000 - 0x00007ffc6562b000 	C:\Program Files\JetBrains\PyCharm Community Edition 2023.1.1\jbr\bin\VCRUNTIME140.dll
0x00007ffc53420000 - 0x00007ffc53437000 	C:\Program Files\JetBrains\PyCharm Community Edition 2023.1.1\jbr\bin\jli.dll
0x00007ffc6ae50000 - 0x00007ffc6affb000 	C:\Windows\System32\USER32.dll
0x00007ffc692a0000 - 0x00007ffc692c6000 	C:\Windows\System32\win32u.dll
0x00007ffc6b220000 - 0x00007ffc6b249000 	C:\Windows\System32\GDI32.dll
0x00007ffc692d0000 - 0x00007ffc693e9000 	C:\Windows\System32\gdi32full.dll
0x00007ffc69710000 - 0x00007ffc697aa000 	C:\Windows\System32\msvcp_win.dll
0x00007ffc53b30000 - 0x00007ffc53dbe000 	C:\Windows\WinSxS\amd64_microsoft.windows.common-controls_6595b64144ccf1df_6.0.22621.1635_none_270f70857386168e\COMCTL32.dll
0x00007ffc6b5f0000 - 0x00007ffc6b697000 	C:\Windows\System32\msvcrt.dll
0x00007ffc6a120000 - 0x00007ffc6a151000 	C:\Windows\System32\IMM32.DLL
0x00007ffc65d80000 - 0x00007ffc65d8c000 	C:\Program Files\JetBrains\PyCharm Community Edition 2023.1.1\jbr\bin\vcruntime140_1.dll
0x00007ffc32c80000 - 0x00007ffc32d0d000 	C:\Program Files\JetBrains\PyCharm Community Edition 2023.1.1\jbr\bin\msvcp140.dll
0x00007ffc0b640000 - 0x00007ffc0c2ae000 	C:\Program Files\JetBrains\PyCharm Community Edition 2023.1.1\jbr\bin\server\jvm.dll
0x00007ffc6ad40000 - 0x00007ffc6adee000 	C:\Windows\System32\ADVAPI32.dll
0x00007ffc6a490000 - 0x00007ffc6a534000 	C:\Windows\System32\sechost.dll
0x00007ffc6b4d0000 - 0x00007ffc6b5e7000 	C:\Windows\System32\RPCRT4.dll
0x00007ffc61310000 - 0x00007ffc61344000 	C:\Windows\SYSTEM32\WINMM.dll
0x00007ffc5f250000 - 0x00007ffc5f25a000 	C:\Windows\SYSTEM32\VERSION.dll
0x00007ffc62ee0000 - 0x00007ffc62ee9000 	C:\Windows\SYSTEM32\WSOCK32.dll
0x00007ffc6b3f0000 - 0x00007ffc6b461000 	C:\Windows\System32\ws2_32.DLL
0x00007ffc67de0000 - 0x00007ffc67df8000 	C:\Windows\SYSTEM32\kernel.appcore.dll
0x00007ffc502a0000 - 0x00007ffc502aa000 	C:\Program Files\JetBrains\PyCharm Community Edition 2023.1.1\jbr\bin\jimage.dll
0x00007ffc666d0000 - 0x00007ffc668fe000 	C:\Windows\SYSTEM32\DBGHELP.DLL
0x00007ffc69910000 - 0x00007ffc69c99000 	C:\Windows\System32\combase.dll
0x00007ffc69830000 - 0x00007ffc69907000 	C:\Windows\System32\OLEAUT32.dll
0x00007ffc47c80000 - 0x00007ffc47cb2000 	C:\Windows\SYSTEM32\dbgcore.DLL
0x00007ffc694b0000 - 0x00007ffc6952b000 	C:\Windows\System32\bcryptPrimitives.dll
0x00007ffc53490000 - 0x00007ffc534b5000 	C:\Program Files\JetBrains\PyCharm Community Edition 2023.1.1\jbr\bin\java.dll

dbghelp: loaded successfully - version: 4.0.5 - missing functions: none
symbol engine: initialized successfully - sym options: 0x614 - pdb path: .;C:\Program Files\JetBrains\PyCharm Community Edition 2023.1.1\jbr\bin;C:\Windows\SYSTEM32;C:\Windows\WinSxS\amd64_microsoft.windows.common-controls_6595b64144ccf1df_6.0.22621.1635_none_270f70857386168e;C:\Program Files\JetBrains\PyCharm Community Edition 2023.1.1\jbr\bin\server

VM Arguments:
java_command: git4idea.http.GitAskPassApp Username for 'https://github.com': 
java_class_path (initial): C:/Program Files/JetBrains/PyCharm Community Edition 2023.1.1/plugins/vcs-git/lib/git4idea-rt.jar;C:/Program Files/JetBrains/PyCharm Community Edition 2023.1.1/lib/externalProcess-rt.jar
Launcher Type: SUN_STANDARD

[Global flags]
     intx CICompilerCount                          = 3                                         {product} {ergonomic}
     uint ConcGCThreads                            = 1                                         {product} {ergonomic}
     uint G1ConcRefinementThreads                  = 4                                         {product} {ergonomic}
   size_t G1HeapRegionSize                         = 1048576                                   {product} {ergonomic}
    uintx GCDrainStackTargetSize                   = 64                                        {product} {ergonomic}
   size_t InitialHeapSize                          = 65011712                                  {product} {ergonomic}
   size_t MarkStackSize                            = 4194304                                   {product} {ergonomic}
   size_t MaxHeapSize                              = 1021313024                                {product} {ergonomic}
   size_t MinHeapDeltaBytes                        = 1048576                                   {product} {ergonomic}
   size_t MinHeapSize                              = 8388608                                   {product} {ergonomic}
    uintx NonNMethodCodeHeapSize                   = 5832780                                {pd product} {ergonomic}
    uintx NonProfiledCodeHeapSize                  = 122912730                              {pd product} {ergonomic}
    uintx ProfiledCodeHeapSize                     = 122912730                              {pd product} {ergonomic}
    uintx ReservedCodeCacheSize                    = 251658240                              {pd product} {ergonomic}
     bool SegmentedCodeCache                       = true                                      {product} {ergonomic}
   size_t SoftMaxHeapSize                          = 1021313024                             {manageable} {ergonomic}
     bool UseCompressedClassPointers               = true                           {product lp64_product} {ergonomic}
     bool UseCompressedOops                        = true                           {product lp64_product} {ergonomic}
     bool UseG1GC                                  = true                                      {product} {ergonomic}
     bool UseLargePagesIndividualAllocation        = false                                  {pd product} {ergonomic}

Logging:
Log output configuration:
 #0: stdout all=warning uptime,level,tags
 #1: stderr all=off uptime,level,tags

Environment Variables:
PATH=C:\Program Files\Git\mingw64\libexec\git-core;C:\Program Files\Git\mingw64\libexec\git-core;C:\Program Files\Git\mingw64\bin;C:\Program Files\Git\usr\bin;C:\Users\ayant\bin;C:\Windows\system32;C:\Windows;C:\Windows\System32\Wbem;C:\Windows\System32\WindowsPowerShell\v1.0;C:\Windows\System32\OpenSSH;C:\Program Files\dotnet;C:\Program Files (x86)\GnuPG\bin;C:\Program Files\Git\cmd;C:\Users\ayant\AppData\Local\Microsoft\WindowsApps;C:\Program Files\JetBrains\CLion 2022.3.1\bin;C:\Program Files\JetBrains\PyCharm Community Edition 2023.1.1\bin;C:\ProgramData\ayant\GitHubDesktop\bin
USERNAME=ayant
DISPLAY=:0.0
LC_ALL=en_US.UTF-8
TERM=xterm-256color
TMPDIR=C:\Users\ayant\AppData\Local\Temp
OS=Windows_NT
PROCESSOR_IDENTIFIER=Intel64 Family 6 Model 156 Stepping 0, GenuineIntel
TMP=C:\Users\ayant\AppData\Local\Temp
TEMP=C:\Users\ayant\AppData\Local\Temp


JNI global refs:

[error occurred during error reporting (JNI global references), id 0xc0000005, EXCEPTION_ACCESS_VIOLATION (0xc0000005) at pc=0x00007ffc0b6f7a10]


---------------  S Y S T E M  ---------------

OS:
 Windows 11 , 64 bit Build 22621 (10.0.22621.1778)
OS uptime: 5 days 4:02 hours
Hyper-V role detected

CPU: total 4 (initial active 4) (4 cores per cpu, 1 threads per core) family 6 model 156 stepping 0 microcode 0x24000023, cx8, cmov, fxsr, mmx, 3dnowpref, sse, sse2, sse3, ssse3, sse4.1, sse4.2, popcnt, tsc, tscinvbit, aes, erms, clmul, sha, clflush, clflushopt, clwb, hv

Memory: 4k page, system-wide physical 3893M (212M free)
TotalPageFile size 11197M (AvailPageFile size 29M)
current process WorkingSet (physical memory assigned to process): 10M, peak: 10M
current process commit charge ("private bytes"): 51M, peak: 113M

vm_info: OpenJDK 64-Bit Server VM (17.0.6+10-b829.9) for windows-amd64 JRE (17.0.6+10-b829.9), built on 2023-04-09 by "builduser" with MS VC++ 16.10 / 16.11 (VS2019)

END.
